2024-03-28 23:34:12: SslClient object created. Client Log at 20240328-233412
2024-03-28 23:34:12: SslClient:socket_connect:Successful in establishing a TCP connection with the server. Now attempting to complete the SSL Handshake.
2024-03-28 23:34:12: SslClient:handshake:Sending clientHello.
2024-03-28 23:34:12: Ssl:socket_send_record:Record sent successfully.
2024-03-28 23:34:12: SslClient:send_hello:Successfully sent ClientHello message.
2024-03-28 23:34:12: SslClient:handshake:Receiving serverHello.
2024-03-28 23:34:12: Ssl:socket_recv_record: Record received successfully.
2024-03-28 23:34:12: SslClient:receive_hello: ServerHello message received successfully.
2024-03-28 23:34:12: Ssl:socket_recv_record: Record received successfully.
2024-03-28 23:34:12: SslClient:receiveCertificate: Certificate received and verified successfully.
2024-03-28 23:34:12: Ssl:socket_recv_record: Record received successfully.
2024-03-28 23:34:12: Before checking the message type
2024-03-28 23:34:12: SslClient:receiveKeyExchange: Key exchange processed successfully.
2024-03-28 23:34:12: Ssl:socket_recv_record: Record received successfully.
2024-03-28 23:34:12: SslClient:receiveHelloDone: HelloDone message received successfully.
2024-03-28 23:34:12: Ssl:socket_send_record:Record sent successfully.
2024-03-28 23:34:12: SslClient:sendKeyExchange: DHE Key Exchange sent successfully.
2024-03-28 23:34:12: SSLSharedInfo Data

2024-03-28 23:34:12: Chosen TLS version: 
2024-03-28 23:34:12: 771
2024-03-28 23:34:12: Chosen Cipher Suite: 
2024-03-28 23:34:12: 51
2024-03-28 23:34:12: Client Random: 
2024-03-28 23:34:12: 1469578409
2024-03-28 23:34:12: Server Random: 
2024-03-28 23:34:12: 4294967228
2024-03-28 23:34:12: DH Parameter p: 
2024-03-28 23:34:12: CEAA0B2012CA0708422C30F2E995CACCF60E716165EF67BDF56048928B9BDB92643EF212B5BDEFCA631AAE1B29171AD7B9388B82BE3E92D2D934D63DAD6E9B3F
2024-03-28 23:34:12: DH Parameter g: 
2024-03-28 23:34:12: 02
2024-03-28 23:34:12: Pre-Master Secret (Hex): 
2024-03-28 23:34:12: 976c8ad1aca05fb69ba4a4b64d0381f246e86b1028e4cd64e8be8d70cb5d95d4cf85792c1d2f5bfb7354cddf72d0471632c86ec8a23adbba8a68d37dbcc55dd5
2024-03-28 23:34:12: client write key size: 
2024-03-28 23:34:12: 16
2024-03-28 23:34:12: server write key size: 
2024-03-28 23:34:12: 16
2024-03-28 23:34:12: server seed: 
2024-03-28 23:34:12: ¯ÿÿÿù ‘s
2024-03-28 23:34:12: Client write key (Hex): 0b01fd2307a7e5781fadde134925753b
2024-03-28 23:34:12: Server write key (Hex): 8eb2d5ba113879563ff9f343738941af
2024-03-28 23:34:12: client write iv: 
2024-03-28 23:34:12: †3þ5àòÂ¼Au».
UW§
2024-03-28 23:34:12: server write iv: 
2024-03-28 23:34:12: Ý¡ÕÎFäf}Ð—@¶
2024-03-28 23:34:12: SSLClient: Successfully calculated master secret and derived session keys.
2024-03-28 23:34:12: Ssl:socket_send_record:Record sent successfully.
2024-03-28 23:34:12: SslClient:sendFinished: Finished message sent successfully.
2024-03-28 23:34:12: Ssl:socket_recv_record: Record received successfully.
2024-03-28 23:34:12: SSLClient:receiveFinished: Finished message received and verified successfully.
2024-03-28 23:34:12: SslClient:socket_connect:Successful in establishing an SSL connection with the server.
2024-03-28 23:34:12: Ssl:socket_send_record:Record sent successfully.
2024-03-28 23:34:12: SslClient:socket_send_string:Successful in sending the message.
2024-03-28 23:34:12: Ssl::socket_recv_record: Couldn't receive header.
2024-03-28 23:34:12: Ssl:socket_recv_string:Failed to receive record.
2024-03-28 23:34:12: SslClient:socket_send:Failed in sending the message.
2024-03-28 23:34:12: SslClient:deconstructor:Socket closed successfully.
2024-03-28 23:34:12: SslClient:deconstructor:SslClient object is being destroyed.
