2024-03-28 23:34:10: SslServer:constructor: SslServer object created. Server Log at 20240328-233410

2024-03-28 23:34:10: SslServer:socket_listen:Starting server...
2024-03-28 23:34:12: SslServer:socket_accept: TCP connection accepted.
2024-03-28 23:34:12: SslServer:handshake:Receiving clientHello.
2024-03-28 23:34:12: SslServer:receiveHello: Proceeding with DHE key exchange.
2024-03-28 23:34:12: SslServer:sendHello: ServerHello message sent successfully.
2024-03-28 23:34:12: SslServer:receiveHello: ClientHello message received and processed successfully.
2024-03-28 23:34:12: SslServer:sendCertificate: Certificate sent successfully.
2024-03-28 23:34:12: SslServer:sendKeyExchange: Before sending the record
2024-03-28 23:34:12: Just after sending the record: 0
2024-03-28 23:34:12: SslServer:sendKeyExchange: DHE key exchange sent successfully.
2024-03-28 23:34:12: About to return success in send key exchange
2024-03-28 23:34:12: Flag 12
2024-03-28 23:34:12: SslServer:sendHelloDone: HelloDone message sent successfully.
2024-03-28 23:34:12: DHE Key Exchange processed successfully.
2024-03-28 23:34:12: SSLSharedInfo Data

2024-03-28 23:34:12: Chosen TLS version: 
2024-03-28 23:34:12: 771
2024-03-28 23:34:12: Chosen Cipher Suite: 
2024-03-28 23:34:12: 51
2024-03-28 23:34:12: Client Random: 
2024-03-28 23:34:12: 4294967209
2024-03-28 23:34:12: Server Random: 
2024-03-28 23:34:12: 3930736060
2024-03-28 23:34:12: DH Parameter p: 
2024-03-28 23:34:12: CEAA0B2012CA0708422C30F2E995CACCF60E716165EF67BDF56048928B9BDB92643EF212B5BDEFCA631AAE1B29171AD7B9388B82BE3E92D2D934D63DAD6E9B3F
2024-03-28 23:34:12: DH Parameter g: 
2024-03-28 23:34:12: 02
2024-03-28 23:34:12: Pre-Master Secret (Hex): 
2024-03-28 23:34:12: 976c8ad1aca05fb69ba4a4b64d0381f246e86b1028e4cd64e8be8d70cb5d95d4cf85792c1d2f5bfb7354cddf72d0471632c86ec8a23adbba8a68d37dbcc55dd5
2024-03-28 23:34:12: client write key size: 
2024-03-28 23:34:12: 16
2024-03-28 23:34:12: server write key size: 
2024-03-28 23:34:12: 16
2024-03-28 23:34:12: client seed: 
2024-03-28 23:34:12: ¯ÿÿÿù ‘s
2024-03-28 23:34:12: Client write key (Hex): 0b01fd2307a7e5781fadde134925753b
2024-03-28 23:34:12: Server write key (Hex): 8eb2d5ba113879563ff9f343738941af
2024-03-28 23:34:12: client write iv: 
2024-03-28 23:34:12: †3þ5àòÂ¼Au».
UW§
2024-03-28 23:34:12: server write iv: 
2024-03-28 23:34:12: Ý¡ÕÎFäf}Ð—@¶
2024-03-28 23:34:12: Master secret and session keys calculated successfully for client ID: 1
2024-03-28 23:34:12: SslServer:receiveFinished: Finished message received and verified successfully.
2024-03-28 23:34:12: SslServer:sendFinished: Finished message sent successfully.
2024-03-28 23:34:12: SslClient:socket_accept:Successful in establishing an SSL connection with the server.
2024-03-28 23:34:12: SslServer:shutdown:Server has been shut down.
2024-03-28 23:34:12: SslServer:deconstructor:SslServer object is being destroyed.

