2024-03-29 07:27:05: SslServer:constructor: SslServer object created. Server Log at 20240329-072705

2024-03-29 07:27:05: SslServer:socket_listen:Starting server...
2024-03-29 07:27:07: SslServer:socket_accept: TCP connection accepted.
2024-03-29 07:27:07: SslServer:handshake:Receiving clientHello.
2024-03-29 07:27:07: SslServer:receiveHello: Proceeding with DHE key exchange.
2024-03-29 07:27:07: SslServer:sendHello: ServerHello message sent successfully.
2024-03-29 07:27:07: SslServer:receiveHello: ClientHello message received and processed successfully.
2024-03-29 07:27:07: SslServer:sendCertificate: Certificate sent successfully.
2024-03-29 07:27:07: SslServer:sendKeyExchange: Before sending the record
2024-03-29 07:27:07: Just after sending the record: 0
2024-03-29 07:27:07: SslServer:sendKeyExchange: DHE key exchange sent successfully.
2024-03-29 07:27:07: About to return success in send key exchange
2024-03-29 07:27:07: SslServer:sendHelloDone: HelloDone message sent successfully.
2024-03-29 07:27:07: DHE Key Exchange processed successfully.
2024-03-29 07:27:07: SSLSharedInfo Data

2024-03-29 07:27:07: Chosen TLS version: 
2024-03-29 07:27:07: 771
2024-03-29 07:27:07: Chosen Cipher Suite: 
2024-03-29 07:27:07: 51
2024-03-29 07:27:07: Client Random: 
2024-03-29 07:27:07: 305419896
2024-03-29 07:27:07: Server Random: 
2024-03-29 07:27:07: 2271560481
2024-03-29 07:27:07: Pre-Master Secret (Hex): 
2024-03-29 07:27:07: 8b7fdf6a6762d3508bc6b8e23d0932288d40fc1c141c6557b6230fede9379c1acf4f466f21c2707f5ca38fe4957c5f11fb0fb962360420b38e58e6bee5a65089
2024-03-29 07:27:07: client write key size: 
2024-03-29 07:27:07: 16
2024-03-29 07:27:07: server write key size: 
2024-03-29 07:27:07: 16
2024-03-29 07:27:07: client seed: 
2024-03-29 07:27:07: ¯ÿÿÿù ‘s
2024-03-29 07:27:07: Client write key (Hex): 7f88aab8e37f67ec43b43c9fe4feb897
2024-03-29 07:27:07: Server write key (Hex): 50be01d8c516c397b86b2c15c45048c9
2024-03-29 07:27:07: client write iv: 
2024-03-29 07:27:07: †3þ5àòÂ¼Au».
UW§
2024-03-29 07:27:07: server write iv: 
2024-03-29 07:27:07: Ý¡ÕÎFäf}Ð—@¶
2024-03-29 07:27:07: Master secret and session keys calculated successfully for client ID: 1
2024-03-29 07:27:07: SslServer:receiveFinished: Finished message received and verified successfully.
2024-03-29 07:27:07: SslServer:sendFinished: Finished message sent successfully.
2024-03-29 07:27:07: SslClient:socket_accept:Successful in establishing an SSL connection with the server.
