2024-03-29 14:11:15: SslClient object created. Client Log at 20240329-141115
2024-03-29 14:11:15: SslClient:socket_connect:Successful in establishing a TCP connection with the server. Now attempting to complete the SSL Handshake.
2024-03-29 14:11:15: SslClient:handshake:Sending clientHello.
2024-03-29 14:11:15: Ssl:socket_send_record:Record sent successfully.
2024-03-29 14:11:15: SslClient:send_hello:Successfully sent ClientHello message.
2024-03-29 14:11:15: SslClient:handshake:Receiving serverHello.
2024-03-29 14:11:15: Ssl:socket_recv_record: Record received successfully.
2024-03-29 14:11:15: SslClient:receive_hello: ServerHello message received successfully.
2024-03-29 14:11:15: Ssl:socket_recv_record: Record received successfully.
2024-03-29 14:11:15: SslClient:receiveCertificate: Certificate received and verified successfully.
2024-03-29 14:11:15: Ssl:socket_recv_record: Record received successfully.
2024-03-29 14:11:15: Before checking the message type
2024-03-29 14:11:15: SslClient:receiveKeyExchange: Key exchange processed successfully.
2024-03-29 14:11:15: Ssl:socket_recv_record: Record received successfully.
2024-03-29 14:11:15: SslClient:receiveHelloDone: HelloDone message received successfully.
2024-03-29 14:11:15: Ssl:socket_send_record:Record sent successfully.
2024-03-29 14:11:15: SslClient:sendKeyExchange: DHE Key Exchange sent successfully.
2024-03-29 14:11:15: SSLSharedInfo Data

2024-03-29 14:11:15: Chosen TLS version: 
2024-03-29 14:11:15: 771
2024-03-29 14:11:15: Chosen Cipher Suite: 
2024-03-29 14:11:15: 51
2024-03-29 14:11:15: Client Random: 
2024-03-29 14:11:15: 305419896
2024-03-29 14:11:15: Server Random: 
2024-03-29 14:11:15: 2271560481
2024-03-29 14:11:15: Pre-Master Secret (Hex): 
2024-03-29 14:11:15: 2de2b17fdb713243c0254bb287d6bdfb6f19de82ce97adbe49812625537f8af3cda61a3a87ab6b81f0cfe3b552bc74f5528e75b09b2ef6c8ca774d51d3519725
2024-03-29 14:11:15: client write key size: 
2024-03-29 14:11:15: 16
2024-03-29 14:11:15: server write key size: 
2024-03-29 14:11:15: 16
2024-03-29 14:11:15: server seed: 
2024-03-29 14:11:15: ¯ÿÿÿù ‘s
2024-03-29 14:11:15: Client write key (Hex): 650df6732e78ee0459d2a963ae9cbf02
2024-03-29 14:11:15: Server write key (Hex): 4fe15b62b0b056fa2a42381b7adacda8
2024-03-29 14:11:15: client write iv: 
2024-03-29 14:11:15: †3þ5àòÂ¼Au».
UW§
2024-03-29 14:11:15: server write iv: 
2024-03-29 14:11:15: Ý¡ÕÎFäf}Ð—@¶
2024-03-29 14:11:15: SSLClient: Successfully calculated master secret and derived session keys.
2024-03-29 14:11:15: Ssl:socket_send_record:Record sent successfully.
2024-03-29 14:11:15: SslClient:sendFinished: Finished message sent successfully.
2024-03-29 14:11:15: Ssl:socket_recv_record: Record received successfully.
2024-03-29 14:11:15: SSLClient:receiveFinished: Finished message received and verified successfully.
2024-03-29 14:11:15: SslClient:socket_connect:Successful in establishing an SSL connection with the server.
2024-03-29 14:11:15: Ssl:socket_send_record:Record sent successfully.
2024-03-29 14:11:15: SslClient:socket_send_string:Successful in sending the message.
