2024-03-29 05:51:11: SslClient object created. Client Log at 20240329-055111
2024-03-29 05:51:11: SslClient:socket_connect:Successful in establishing a TCP connection with the server. Now attempting to complete the SSL Handshake.
2024-03-29 05:51:11: SslClient:handshake:Sending clientHello.
2024-03-29 05:51:11: Ssl:socket_send_record:Record sent successfully.
2024-03-29 05:51:11: SslClient:send_hello:Successfully sent ClientHello message.
2024-03-29 05:51:11: SslClient:handshake:Receiving serverHello.
2024-03-29 05:51:11: Ssl:socket_recv_record: Record received successfully.
2024-03-29 05:51:11: SslClient:receive_hello: ServerHello message received successfully.
2024-03-29 05:51:11: Ssl:socket_recv_record: Record received successfully.
2024-03-29 05:51:11: SslClient:receiveCertificate: Certificate received and verified successfully.
2024-03-29 05:51:11: Ssl:socket_recv_record: Record received successfully.
2024-03-29 05:51:11: Before checking the message type
2024-03-29 05:51:11: SslClient:receiveKeyExchange: Key exchange processed successfully.
2024-03-29 05:51:11: Ssl:socket_recv_record: Record received successfully.
2024-03-29 05:51:11: SslClient:receiveHelloDone: HelloDone message received successfully.
2024-03-29 05:51:11: Ssl:socket_send_record:Record sent successfully.
2024-03-29 05:51:11: SslClient:sendKeyExchange: DHE Key Exchange sent successfully.
2024-03-29 05:51:11: SSLSharedInfo Data

2024-03-29 05:51:11: Chosen TLS version: 
2024-03-29 05:51:11: 771
2024-03-29 05:51:11: Chosen Cipher Suite: 
2024-03-29 05:51:11: 51
2024-03-29 05:51:11: Client Random: 
2024-03-29 05:51:11: 305419896
2024-03-29 05:51:11: Server Random: 
2024-03-29 05:51:11: 2271560481
2024-03-29 05:51:11: Pre-Master Secret (Hex): 
2024-03-29 05:51:11: bc8e5f99b901f05e907dbe57b96a2170718392b4ac4001396add1e90c86e315dcfe0cd91f8a9c7516c1b22a412f3821a8ee392754f7e7ddd8ae41bb15969a900
2024-03-29 05:51:11: client write key size: 
2024-03-29 05:51:11: 16
2024-03-29 05:51:11: server write key size: 
2024-03-29 05:51:11: 16
2024-03-29 05:51:11: server seed: 
2024-03-29 05:51:11: ¯ÿÿÿù ‘s
2024-03-29 05:51:11: Client write key (Hex): 9090f8a9225cc164e4b23e3d5d511e9b
2024-03-29 05:51:11: Server write key (Hex): 0cd6334f79074a29dbe1c24e7841f5b4
2024-03-29 05:51:11: client write iv: 
2024-03-29 05:51:11: †3þ5àòÂ¼Au».
UW§
2024-03-29 05:51:11: server write iv: 
2024-03-29 05:51:11: Ý¡ÕÎFäf}Ð—@¶
2024-03-29 05:51:11: SSLClient: Successfully calculated master secret and derived session keys.
2024-03-29 05:51:11: Ssl:socket_send_record:Record sent successfully.
2024-03-29 05:51:11: SslClient:sendFinished: Finished message sent successfully.
2024-03-29 05:51:11: Ssl:socket_recv_record: Record received successfully.
2024-03-29 05:51:11: SSLClient:receiveFinished: Finished message received and verified successfully.
2024-03-29 05:51:11: SslClient:socket_connect:Successful in establishing an SSL connection with the server.
2024-03-29 05:51:11: Ssl:socket_send_record:Record sent successfully.
2024-03-29 05:51:11: SslClient:socket_send_string:Successful in sending the message.
