2024-03-29 05:51:09: SslServer:constructor: SslServer object created. Server Log at 20240329-055109

2024-03-29 05:51:09: SslServer:socket_listen:Starting server...
2024-03-29 05:51:11: SslServer:socket_accept: TCP connection accepted.
2024-03-29 05:51:11: SslServer:handshake:Receiving clientHello.
2024-03-29 05:51:11: SslServer:receiveHello: Proceeding with DHE key exchange.
2024-03-29 05:51:11: SslServer:sendHello: ServerHello message sent successfully.
2024-03-29 05:51:11: SslServer:receiveHello: ClientHello message received and processed successfully.
2024-03-29 05:51:11: SslServer:sendCertificate: Certificate sent successfully.
2024-03-29 05:51:11: SslServer:sendKeyExchange: Before sending the record
2024-03-29 05:51:11: Just after sending the record: 0
2024-03-29 05:51:11: SslServer:sendKeyExchange: DHE key exchange sent successfully.
2024-03-29 05:51:11: About to return success in send key exchange
2024-03-29 05:51:11: SslServer:sendHelloDone: HelloDone message sent successfully.
2024-03-29 05:51:11: DHE Key Exchange processed successfully.
2024-03-29 05:51:11: SSLSharedInfo Data

2024-03-29 05:51:11: Chosen TLS version: 
2024-03-29 05:51:11: 771
2024-03-29 05:51:11: Chosen Cipher Suite: 
2024-03-29 05:51:11: 51
2024-03-29 05:51:11: Client Random: 
2024-03-29 05:51:11: 305419896
2024-03-29 05:51:11: Server Random: 
2024-03-29 05:51:11: 2271560481
2024-03-29 05:51:11: Pre-Master Secret (Hex): 
2024-03-29 05:51:11: bc8e5f99b901f05e907dbe57b96a2170718392b4ac4001396add1e90c86e315dcfe0cd91f8a9c7516c1b22a412f3821a8ee392754f7e7ddd8ae41bb15969a900
2024-03-29 05:51:11: client write key size: 
2024-03-29 05:51:11: 16
2024-03-29 05:51:11: server write key size: 
2024-03-29 05:51:11: 16
2024-03-29 05:51:11: client seed: 
2024-03-29 05:51:11: ¯ÿÿÿù ‘s
2024-03-29 05:51:11: Client write key (Hex): 9090f8a9225cc164e4b23e3d5d511e9b
2024-03-29 05:51:11: Server write key (Hex): 0cd6334f79074a29dbe1c24e7841f5b4
2024-03-29 05:51:11: client write iv: 
2024-03-29 05:51:11: †3þ5àòÂ¼Au».
UW§
2024-03-29 05:51:11: server write iv: 
2024-03-29 05:51:11: Ý¡ÕÎFäf}Ð—@¶
2024-03-29 05:51:11: Master secret and session keys calculated successfully for client ID: 1
2024-03-29 05:51:11: SslServer:receiveFinished: Finished message received and verified successfully.
2024-03-29 05:51:11: SslServer:sendFinished: Finished message sent successfully.
2024-03-29 05:51:11: SslClient:socket_accept:Successful in establishing an SSL connection with the server.
