2024-03-27 23:10:24: SslServer:constructor: SslServer object created. Server Log at 20240327-231024

2024-03-27 23:10:24: SslServer:socket_listen:Starting server...
2024-03-27 23:10:26: SslServer:socket_accept: TCP connection accepted.
2024-03-27 23:10:26: SslServer:handshake:Receiving clientHello.
2024-03-27 23:10:26: SslServer:receiveHello: Proceeding with DHE key exchange.
2024-03-27 23:10:26: SslServer:sendHello: ServerHello message sent successfully.
2024-03-27 23:10:26: SslServer:receiveHello: ClientHello message received and processed successfully.
2024-03-27 23:10:26: SslServer:sendCertificate: Certificate sent successfully.
2024-03-27 23:10:26: Flag 1
2024-03-27 23:10:26: Flag 2
2024-03-27 23:10:26: Flag 3
2024-03-27 23:10:26: Flag 4
2024-03-27 23:10:26: Flag 5
2024-03-27 23:10:26: Flag 6
2024-03-27 23:10:26: Flag 7
2024-03-27 23:10:26: Flag 8
2024-03-27 23:10:26: Flag 9
2024-03-27 23:10:26: Flag 10
2024-03-27 23:10:26: Flag 11
2024-03-27 23:10:26: SslServer:sendKeyExchange: DHE key exchange sent successfully.
